2026-05-02 12:49:58 | INFO | __main__ | roads.py:63 | STEP 1C: Road Network Extraction (BBOX mode)
2026-05-02 12:49:58 | INFO | __main__ | roads.py:69 | Downloading road network using bbox...
2026-05-02 12:53:37 | INFO | __main__ | roads.py:63 | STEP 1C: Road Network Extraction (BBOX mode)
2026-05-02 12:53:37 | INFO | __main__ | roads.py:69 | Downloading road network using bbox...
2026-05-02 15:02:48 | ERROR | __main__ | roads.py:83 | Failed to download road network
2026-05-02 15:54:24 | INFO | __main__ | roads.py:63 | STEP 1C: Road Network Extraction (BBOX mode)
2026-05-02 15:54:24 | INFO | __main__ | roads.py:71 | Downloading road network using bbox...
2026-05-02 16:07:49 | INFO | __main__ | universities.py:53 | STEP 1A+: Fetching Universities, Colleges, Parking
2026-05-02 16:07:49 | INFO | __main__ | universities.py:71 | Fetching layer: university
2026-05-02 16:07:49 | WARNING | __main__ | universities.py:44 | Retry 1 failed for tags {'amenity': 'university'}
2026-05-02 16:07:50 | WARNING | __main__ | universities.py:44 | Retry 2 failed for tags {'amenity': 'university'}
2026-05-02 16:07:52 | WARNING | __main__ | universities.py:44 | Retry 3 failed for tags {'amenity': 'university'}
2026-05-02 16:07:56 | WARNING | __main__ | universities.py:76 | No data found for university
2026-05-02 16:07:56 | INFO | __main__ | universities.py:71 | Fetching layer: college
2026-05-02 16:07:56 | WARNING | __main__ | universities.py:44 | Retry 1 failed for tags {'amenity': 'college'}
2026-05-02 16:07:57 | WARNING | __main__ | universities.py:44 | Retry 2 failed for tags {'amenity': 'college'}
2026-05-02 16:07:59 | WARNING | __main__ | universities.py:44 | Retry 3 failed for tags {'amenity': 'college'}
2026-05-02 16:08:03 | WARNING | __main__ | universities.py:76 | No data found for college
2026-05-02 16:08:05 | INFO | __main__ | universities.py:71 | Fetching layer: parking
2026-05-02 16:08:05 | WARNING | __main__ | universities.py:44 | Retry 1 failed for tags {'amenity': 'parking'}
2026-05-02 16:08:06 | WARNING | __main__ | universities.py:44 | Retry 2 failed for tags {'amenity': 'parking'}
2026-05-02 16:08:08 | WARNING | __main__ | universities.py:44 | Retry 3 failed for tags {'amenity': 'parking'}
2026-05-02 16:08:12 | WARNING | __main__ | universities.py:76 | No data found for parking
2026-05-02 16:09:33 | INFO | __main__ | universities.py:55 | STEP 1A: Starting POI Extraction for Lahore
2026-05-02 16:10:42 | INFO | __main__ | universities.py:44 | STEP 1A: Starting POI Extraction for Lahore
2026-05-02 16:10:42 | INFO | __main__ | universities.py:27 | Fetching university from Overpass...
2026-05-02 16:10:43 | INFO | __main__ | universities.py:65 | Collected 77 items for university
2026-05-02 16:10:45 | INFO | __main__ | universities.py:27 | Fetching college from Overpass...
2026-05-02 16:10:45 | INFO | __main__ | universities.py:65 | Collected 80 items for college
2026-05-02 16:10:47 | INFO | __main__ | universities.py:27 | Fetching parking from Overpass...
2026-05-02 16:10:47 | INFO | __main__ | universities.py:65 | Collected 209 items for parking
2026-05-02 16:10:49 | INFO | __main__ | universities.py:87 | Removed 1 spatial duplicates.
2026-05-02 16:13:14 | INFO | __main__ | universities.py:59 | STEP 1A: Starting POI Extraction for Lahore
2026-05-02 16:13:14 | INFO | __main__ | universities.py:34 | Fetching university from Overpass...
2026-05-02 16:13:14 | INFO | __main__ | universities.py:80 | Collected 77 items for university
2026-05-02 16:13:16 | INFO | __main__ | universities.py:34 | Fetching college from Overpass...
2026-05-02 16:13:17 | INFO | __main__ | universities.py:80 | Collected 80 items for college
2026-05-02 16:13:19 | INFO | __main__ | universities.py:34 | Fetching parking from Overpass...
2026-05-02 16:13:19 | INFO | __main__ | universities.py:80 | Collected 209 items for parking
2026-05-02 16:13:21 | INFO | __main__ | universities.py:108 | Saved 157 Education POIs to data\lahore_education.csv
2026-05-02 16:13:21 | INFO | __main__ | universities.py:112 | Saved 208 Parking POIs to data\lahore_parking.csv
2026-05-02 16:15:23 | INFO | __main__ | foods.py:59 | STEP 1B: Fetching Food & Beverage POIs
2026-05-02 16:15:23 | INFO | __main__ | foods.py:34 | Fetching Dining_Spots from Overpass...
2026-05-02 16:15:35 | INFO | __main__ | foods.py:91 | Removed 15 spatial duplicates.
2026-05-02 16:15:35 | INFO | __main__ | foods.py:95 | Saved 591 dining spots to data\lahore_cafes_restaurants.csv
2026-05-02 16:17:49 | INFO | __main__ | luxuries.py:68 | STEP 1D: Fetching Luxury Layers and Amenities
2026-05-02 16:17:49 | INFO | __main__ | luxuries.py:32 | Fetching mall (Weight: 1.0)...
2026-05-02 16:17:57 | INFO | __main__ | luxuries.py:93 | Found 69 locations for mall
2026-05-02 16:17:58 | INFO | __main__ | luxuries.py:32 | Fetching hotel (Weight: 0.9)...
2026-05-02 16:18:07 | INFO | __main__ | luxuries.py:93 | Found 129 locations for hotel
2026-05-02 16:18:09 | INFO | __main__ | luxuries.py:32 | Fetching beauty_salon (Weight: 0.85)...
2026-05-02 16:18:12 | INFO | __main__ | luxuries.py:93 | Found 12 locations for beauty_salon
2026-05-02 16:18:14 | INFO | __main__ | luxuries.py:32 | Fetching hairdresser (Weight: 0.7)...
2026-05-02 16:18:17 | INFO | __main__ | luxuries.py:93 | Found 12 locations for hairdresser
2026-05-02 16:18:18 | INFO | __main__ | luxuries.py:32 | Fetching spa (Weight: 0.9)...
2026-05-02 16:18:21 | ERROR | __main__ | luxuries.py:58 | Error fetching spa: No matching features. Check query location, tags, and log.
2026-05-02 16:18:21 | WARNING | __main__ | luxuries.py:96 | No data for spa
2026-05-02 16:18:21 | INFO | __main__ | luxuries.py:32 | Fetching gym (Weight: 0.8)...
2026-05-02 16:18:24 | INFO | __main__ | luxuries.py:93 | Found 18 locations for gym
2026-05-02 16:18:26 | INFO | __main__ | luxuries.py:32 | Fetching hospital (Weight: 0.75)...
2026-05-02 16:18:29 | INFO | __main__ | luxuries.py:93 | Found 272 locations for hospital
2026-05-02 16:18:30 | INFO | __main__ | luxuries.py:32 | Fetching private_school (Weight: 0.7)...
2026-05-02 16:18:33 | INFO | __main__ | luxuries.py:93 | Found 301 locations for private_school
2026-05-02 16:18:34 | INFO | __main__ | luxuries.py:32 | Fetching bank (Weight: 0.6)...
2026-05-02 16:18:36 | INFO | __main__ | luxuries.py:93 | Found 379 locations for bank
2026-05-02 16:18:38 | INFO | __main__ | luxuries.py:32 | Fetching jewellery (Weight: 0.8)...
2026-05-02 16:18:40 | INFO | __main__ | luxuries.py:93 | Found 4 locations for jewellery
2026-05-02 16:18:41 | INFO | __main__ | luxuries.py:32 | Fetching clothing (Weight: 0.65)...
2026-05-02 16:18:43 | INFO | __main__ | luxuries.py:93 | Found 76 locations for clothing
2026-05-02 16:18:45 | INFO | __main__ | luxuries.py:32 | Fetching cinema (Weight: 0.85)...
2026-05-02 16:18:48 | INFO | __main__ | luxuries.py:93 | Found 26 locations for cinema
2026-05-02 16:18:50 | INFO | __main__ | luxuries.py:112 | Deduplication: Reduced from 1298 to 1280 points.
2026-05-02 16:18:50 | INFO | __main__ | luxuries.py:116 | Saved luxury dataset to data\lahore_luxuries_amenities.csv
2026-05-02 16:25:36 | INFO | __main__ | luxuries2.py:17 | Deep Sweeping: coworking...
2026-05-02 16:25:44 | INFO | __main__ | luxuries2.py:55 | Found 2 entries for coworking
2026-05-02 16:25:45 | INFO | __main__ | luxuries2.py:17 | Deep Sweeping: supermarket...
2026-05-02 16:25:48 | INFO | __main__ | luxuries2.py:55 | Found 78 entries for supermarket
2026-05-02 16:25:49 | INFO | __main__ | luxuries2.py:17 | Deep Sweeping: bookstore...
2026-05-02 16:25:50 | INFO | __main__ | luxuries2.py:55 | Found 20 entries for bookstore
2026-05-02 16:25:51 | INFO | __main__ | luxuries2.py:17 | Deep Sweeping: boutique_store...
2026-05-02 16:25:53 | INFO | __main__ | luxuries2.py:55 | Found 1 entries for boutique_store
2026-05-02 16:25:54 | INFO | __main__ | luxuries2.py:17 | Deep Sweeping: health_beauty...
2026-05-02 16:25:57 | INFO | __main__ | luxuries2.py:17 | Deep Sweeping: park_anchor...
2026-05-02 16:26:15 | INFO | __main__ | luxuries2.py:55 | Found 1024 entries for park_anchor
2026-05-02 16:26:16 | INFO | __main__ | luxuries2.py:17 | Deep Sweeping: electronics...
2026-05-02 16:26:19 | INFO | __main__ | luxuries2.py:55 | Found 27 entries for electronics
2026-05-02 16:26:20 | INFO | __main__ | luxuries2.py:17 | Deep Sweeping: car_showroom...
2026-05-02 16:26:22 | INFO | __main__ | luxuries2.py:55 | Found 34 entries for car_showroom
2026-05-02 16:29:04 | INFO | __main__ | luxuries2.py:17 | Fetching: padel_court...
2026-05-02 16:29:06 | INFO | __main__ | luxuries2.py:17 | Fetching: indoor_games...
2026-05-02 16:29:08 | INFO | __main__ | luxuries2.py:17 | Fetching: gaming_zone...
2026-05-02 16:29:09 | INFO | __main__ | luxuries2.py:17 | Fetching: health_club...
2026-05-02 16:29:09 | INFO | __main__ | luxuries2.py:17 | Fetching: yoga_pilates...
2026-05-02 16:29:11 | INFO | __main__ | luxuries2.py:17 | Fetching: aesthetic_med...
2026-05-02 16:29:13 | INFO | __main__ | luxuries2.py:66 | Found 54 locations for aesthetic_med
2026-05-02 16:29:14 | INFO | __main__ | luxuries2.py:17 | Fetching: barber_grooming...
2026-05-02 16:29:15 | INFO | __main__ | luxuries2.py:17 | Fetching: nail_salon...
2026-05-02 16:29:17 | INFO | __main__ | luxuries2.py:66 | Found 1 locations for nail_salon
2026-05-02 16:29:18 | INFO | __main__ | luxuries2.py:17 | Fetching: coworking...
2026-05-02 16:29:20 | INFO | __main__ | luxuries2.py:66 | Found 2 locations for coworking
2026-05-02 16:29:21 | INFO | __main__ | luxuries2.py:17 | Fetching: bookstore...
2026-05-02 16:29:21 | INFO | __main__ | luxuries2.py:66 | Found 20 locations for bookstore
2026-05-02 16:29:22 | INFO | __main__ | luxuries2.py:17 | Fetching: supermarket...
2026-05-02 16:29:22 | INFO | __main__ | luxuries2.py:66 | Found 78 locations for supermarket
2026-05-02 16:29:23 | INFO | __main__ | luxuries2.py:17 | Fetching: boutique...
2026-05-02 16:29:23 | INFO | __main__ | luxuries2.py:66 | Found 1 locations for boutique
2026-05-02 16:29:24 | INFO | __main__ | luxuries2.py:17 | Fetching: electronics...
2026-05-02 16:29:25 | INFO | __main__ | luxuries2.py:66 | Found 27 locations for electronics
2026-05-02 16:29:26 | INFO | __main__ | luxuries2.py:87 | Deduplication: Reduced from 183 to 182 points.
2026-05-02 16:30:41 | INFO | __main__ | luxuries2.py:17 | Fetching: sports_and_padel...
2026-05-02 16:30:47 | INFO | __main__ | luxuries2.py:67 | Found 164 locations for sports_and_padel
2026-05-02 16:30:48 | INFO | __main__ | luxuries2.py:17 | Fetching: fitness_gym...
2026-05-02 16:31:05 | INFO | __main__ | luxuries2.py:67 | Found 18 locations for fitness_gym
2026-05-02 16:31:06 | INFO | __main__ | luxuries2.py:17 | Fetching: gym_alt...
2026-05-02 16:31:08 | INFO | __main__ | luxuries2.py:17 | Fetching: beauty_wellness...
2026-05-02 16:31:33 | INFO | __main__ | luxuries2.py:67 | Found 24 locations for beauty_wellness
2026-05-02 16:31:34 | INFO | __main__ | luxuries2.py:17 | Fetching: medical_beauty...
2026-05-02 16:31:42 | INFO | __main__ | luxuries2.py:67 | Found 54 locations for medical_beauty
2026-05-02 16:31:43 | INFO | __main__ | luxuries2.py:17 | Fetching: recreation...
2026-05-02 16:31:45 | INFO | __main__ | luxuries2.py:17 | Fetching: social_hubs...
2026-05-02 16:31:47 | INFO | __main__ | luxuries2.py:67 | Found 55 locations for social_hubs
2026-05-02 16:31:48 | INFO | __main__ | luxuries2.py:17 | Fetching: coworking_office...
2026-05-02 16:31:52 | INFO | __main__ | luxuries2.py:67 | Found 2 locations for coworking_office
2026-05-02 16:31:53 | INFO | __main__ | luxuries2.py:17 | Fetching: high_end_shop...
2026-05-02 16:32:06 | INFO | __main__ | luxuries2.py:67 | Found 148 locations for high_end_shop
2026-05-02 16:32:07 | INFO | __main__ | luxuries2.py:17 | Fetching: books_and_tech...
2026-05-02 16:32:18 | INFO | __main__ | luxuries2.py:67 | Found 47 locations for books_and_tech
2026-05-02 16:32:19 | INFO | __main__ | luxuries2.py:88 | Deduplication: Reduced from 512 to 506 points.
2026-05-02 16:35:14 | INFO | __main__ | road.py:27 | Fetching Massive-Scale Road Network...
2026-05-02 16:37:56 | INFO | __main__ | road.py:35 | Processing 368033 road segments...
